This is pdfTeX, Version 3.1415926-1.40.10 (TeX Live 2009/Debian) (format=pdflatex 2011.12.22)  25 JAN 2012 16:10
entering extended mode
 %&-line parsing enabled.
**hw1-solution.tex
(./hw1-solution.tex
LaTeX2e <2009/09/24>
Babel <v3.8l> and hyphenation patterns for english, usenglishmax, dumylang, noh
yphenation, loaded.
(/usr/share/texmf-texlive/tex/latex/revtex4/revtex4.cls
Document Class: revtex4 2001/08/02 v4.0 (http://publish.aps.org/revtex4/ for do
cumentation)
 Copyright (c) 2001 The American Physical Society.
 mailto:revtex@aps.org
 Licensed under the LPPL:
http://www.ctan.org/tex-archive/macros/latex/base/lppl.txt
 Arthur Ogawa <ogawa@teleport.com>
 Based on work by David Carlisle <david@dcarlisle.demon.co.uk>.
ltxutil: portions licensed from W. E. Baxter (web@superscript.com)
Class revtex4 Info: Repairing broken LateX \@sect on input line 596.
\intertabularlinepenalty=\count79
\@tbpen=\count80
\@arstrutbox@hline=\box26
Class revtex4 Info: Repairing broken LaTeX \@xbitor on input line 1610.
ltxgrid: portions licensed from W. E. Baxter (web@superscript.com)
\c@linecount=\count81
\output=\toks14
\@protection@box=\box27
\@topmark@saved=\toks15
\footins@saved=\box28
\pagesofar=\box29
\footbox=\box30
\pagegrid@col=\count82
Class revtex4 Info: Incorporating package {textcase}  [1998/11/12 v0.06 Text on
ly upper/lower case changing (DPC)]. on input line 3682.
(/usr/share/texmf-texlive/tex/latex/ltxmisc/url.sty
\Urlmuskip=\muskip10
Package: url 2006/04/12  ver 3.3  Verb mode for urls, etc.
)
\c@affil=\count83
\absbox=\box31
\c@part=\count84
\c@section=\count85
\c@subsection=\count86
\c@subsubsection=\count87
\c@paragraph=\count88
\c@subparagraph=\count89
\abovecaptionskip=\skip41
\belowcaptionskip=\skip42
\c@figure=\count90
\c@table=\count91

(/usr/share/texmf-texlive/tex/latex/natbib/natbib.sty
Package: natbib 2009/07/16 8.31 (PWD, AO)
\bibhang=\skip43
\bibsep=\skip44
LaTeX Info: Redefining \cite on input line 694.
\c@NAT@ctr=\count92
)
\widetext@top=\box32
\widetext@bot=\box33

(/usr/share/texmf-texlive/tex/latex/revtex4/revsymb.sty
Package: revsymb 2001/08/02 v4.0 (http://publish.aps.org/revtex4/ for documenta
tion)
LaTeX Info: Redefining \REV@mathfrak on input line 118.
))
(/usr/share/texmf-texlive/tex/latex/amsfonts/amssymb.sty
Package: amssymb 2009/06/22 v3.00

(/usr/share/texmf-texlive/tex/latex/amsfonts/amsfonts.sty
Package: amsfonts 2009/06/22 v3.00 Basic AMSFonts support
\@emptytoks=\toks16
\symAMSa=\mathgroup4
\symAMSb=\mathgroup5
LaTeX Font Info:    Overwriting math alphabet `\mathfrak' in version `bold'
(Font)                  U/euf/m/n --> U/euf/b/n on input line 96.
LaTeX Info: Redefining \frak on input line 99.
LaTeX Info: Redefining \Bbb on input line 101.
))
(/usr/share/texmf-texlive/tex/latex/amsmath/amsmath.sty
Package: amsmath 2000/07/18 v2.13 AMS math features
\@mathmargin=\skip45

For additional information on amsmath, use the `?' option.
(/usr/share/texmf-texlive/tex/latex/amsmath/amstext.sty
Package: amstext 2000/06/29 v2.01

(/usr/share/texmf-texlive/tex/latex/amsmath/amsgen.sty
File: amsgen.sty 1999/11/30 v2.0
\@emptytoks=\toks17
\ex@=\dimen102
))
(/usr/share/texmf-texlive/tex/latex/amsmath/amsbsy.sty
Package: amsbsy 1999/11/29 v1.2d
\pmbraise@=\dimen103
)
(/usr/share/texmf-texlive/tex/latex/amsmath/amsopn.sty
Package: amsopn 1999/12/14 v2.01 operator names
)
\inf@bad=\count93
LaTeX Info: Redefining \frac on input line 211.
\uproot@=\count94
\leftroot@=\count95
LaTeX Info: Redefining \overline on input line 307.
\classnum@=\count96
\DOTSCASE@=\count97
LaTeX Info: Redefining \ldots on input line 379.
LaTeX Info: Redefining \dots on input line 382.
LaTeX Info: Redefining \cdots on input line 467.
\Mathstrutbox@=\box34
\strutbox@=\box35
\big@size=\dimen104
LaTeX Font Info:    Redeclaring font encoding OML on input line 567.
LaTeX Font Info:    Redeclaring font encoding OMS on input line 568.
\macc@depth=\count98
\c@MaxMatrixCols=\count99
\dotsspace@=\muskip11
\c@parentequation=\count100
\dspbrk@lvl=\count101
\tag@help=\toks18
\row@=\count102
\column@=\count103
\maxfields@=\count104
\andhelp@=\toks19
\eqnshift@=\dimen105
\alignsep@=\dimen106
\tagshift@=\dimen107
\tagwidth@=\dimen108
\totwidth@=\dimen109
\lineht@=\dimen110
\@envbody=\toks20
\multlinegap=\skip46
\multlinetaggap=\skip47
\mathdisplay@stack=\toks21
LaTeX Info: Redefining \[ on input line 2666.
LaTeX Info: Redefining \] on input line 2667.
)
(/usr/share/texmf-texlive/tex/latex/revtex4/aps.rtx
File: aps.rtx 2001/08/02 v4.0 (http://publish.aps.org/revtex4/ for documentatio
n)
)
(/usr/share/texmf-texlive/tex/latex/revtex4/10pt.rtx
File: 10pt.rtx 2001/08/02 v4.0 (http://publish.aps.org/revtex4/ for documentati
on)
)
(/usr/share/texmf-texlive/tex/latex/graphics/graphicx.sty
Package: graphicx 1999/02/16 v1.0f Enhanced LaTeX Graphics (DPC,SPQR)

(/usr/share/texmf-texlive/tex/latex/graphics/keyval.sty
Package: keyval 1999/03/16 v1.13 key=value parser (DPC)
\KV@toks@=\toks22
)
(/usr/share/texmf-texlive/tex/latex/graphics/graphics.sty
Package: graphics 2009/02/05 v1.0o Standard LaTeX Graphics (DPC,SPQR)

(/usr/share/texmf-texlive/tex/latex/graphics/trig.sty
Package: trig 1999/03/16 v1.09 sin cos tan (DPC)
)
(/etc/texmf/tex/latex/config/graphics.cfg
File: graphics.cfg 2009/08/28 v1.8 graphics configuration of TeX Live
)
Package graphics Info: Driver file: pdftex.def on input line 91.

(/usr/share/texmf-texlive/tex/latex/pdftex-def/pdftex.def
File: pdftex.def 2010/03/12 v0.04p Graphics/color for pdfTeX
\Gread@gobject=\count105
))
\Gin@req@height=\dimen111
\Gin@req@width=\dimen112
) (./braket.sty)
(./bm.sty
Package: bm 1998/12/10 v1.0f Bold Symbol Support (DPC/FMi)
\symboldoperators=\mathgroup6
\symboldletters=\mathgroup7
\symboldsymbols=\mathgroup8
LaTeX Font Info:    Redeclaring math alphabet \mathbf on input line 127.
LaTeX Info: Redefining \bm on input line 185.
) (/usr/share/texmf-texlive/tex/latex/subfigure/subfigure.sty
Package: subfigure 2002/03/15 v2.1.5 subfigure package
\subfigtopskip=\skip48
\subfigcapskip=\skip49
\subfigcaptopadj=\dimen113
\subfigbottomskip=\skip50
\subfigcapmargin=\dimen114
\subfiglabelskip=\skip51
\c@subfigure=\count106
\c@lofdepth=\count107
\c@subtable=\count108
\c@lotdepth=\count109

****************************************
* Local config file subfigure.cfg used *
****************************************
(/usr/share/texmf-texlive/tex/latex/subfigure/subfigure.cfg)
\subfig@top=\skip52
\subfig@bottom=\skip53
)

LaTeX Warning: Unused global option(s):
    [column].

(./hw1-solution.aux

LaTeX Warning: Label `4inequal' multiply defined.

)
\openout1 = `hw1-solution.aux'.

LaTeX Font Info:    Checking defaults for OML/cmm/m/it on input line 41.
LaTeX Font Info:    ... okay on input line 41.
LaTeX Font Info:    Checking defaults for T1/cmr/m/n on input line 41.
LaTeX Font Info:    ... okay on input line 41.
LaTeX Font Info:    Checking defaults for OT1/cmr/m/n on input line 41.
LaTeX Font Info:    ... okay on input line 41.
LaTeX Font Info:    Checking defaults for OMS/cmsy/m/n on input line 41.
LaTeX Font Info:    ... okay on input line 41.
LaTeX Font Info:    Checking defaults for OMX/cmex/m/n on input line 41.
LaTeX Font Info:    ... okay on input line 41.
LaTeX Font Info:    Checking defaults for U/cmr/m/n on input line 41.
LaTeX Font Info:    ... okay on input line 41.
Class revtex4 Info: Patching LaTeX tabular. on input line 41.
Class revtex4 Info: cite was not loaded (OK!) on input line 41.
Class revtex4 Info: multicol was not loaded (OK!) on input line 41.
 (/usr/share/texmf-texlive/tex/context/base/supp-pdf.mkii
[Loading MPS to PDF converter (version 2006.09.02).]
\scratchcounter=\count110
\scratchdimen=\dimen115
\scratchbox=\box36
\nofMPsegments=\count111
\nofMParguments=\count112
\everyMPshowfont=\toks23
\MPscratchCnt=\count113
\MPscratchDim=\dimen116
\MPnumerator=\count114
\everyMPtoPDFconversion=\toks24
)
LaTeX Font Info:    Try loading font information for U+msa on input line 51.
 (/usr/share/texmf-texlive/tex/latex/amsfonts/umsa.fd
File: umsa.fd 2009/06/22 v3.00 AMS symbols A
)
LaTeX Font Info:    Try loading font information for U+msb on input line 51.

(/usr/share/texmf-texlive/tex/latex/amsfonts/umsb.fd
File: umsb.fd 2009/06/22 v3.00 AMS symbols B
)

pdfTeX warning: /usr/bin/pdflatex (file ./Q1a1.pdf): PDF inclusion: found PDF v
ersion <1.5>, but at most version <1.4> allowed
<Q1a1.pdf, id=1, 378.11264pt x 312.48746pt>
File: Q1a1.pdf Graphic file (type pdf)
 <use Q1a1.pdf>

pdfTeX warning: /usr/bin/pdflatex (file ./Q1a2.pdf): PDF inclusion: found PDF v
ersion <1.5>, but at most version <1.4> allowed
<Q1a2.pdf, id=3, 386.13258pt x 312.57779pt>
File: Q1a2.pdf Graphic file (type pdf)
 <use Q1a2.pdf>

pdfTeX warning: /usr/bin/pdflatex (file ./Q1a3.pdf): PDF inclusion: found PDF v
ersion <1.5>, but at most version <1.4> allowed
<Q1a3.pdf, id=5, 386.13258pt x 312.57779pt>
File: Q1a3.pdf Graphic file (type pdf)
 <use Q1a3.pdf>

pdfTeX warning: /usr/bin/pdflatex (file ./Q1a4.pdf): PDF inclusion: found PDF v
ersion <1.5>, but at most version <1.4> allowed
<Q1a4.pdf, id=7, 386.13258pt x 312.57779pt>
File: Q1a4.pdf Graphic file (type pdf)
 <use Q1a4.pdf>

pdfTeX warning: /usr/bin/pdflatex (file ./Q1a5.pdf): PDF inclusion: found PDF v
ersion <1.5>, but at most version <1.4> allowed
<Q1a5.pdf, id=9, 386.13258pt x 312.57779pt>
File: Q1a5.pdf Graphic file (type pdf)
 <use Q1a5.pdf> [1{/var/lib/texmf/fonts/map/pdftex/updmap/pdftex.map} <./Q1a1.p
df> <./Q1a2.pdf> <./Q1a3.pdf> <./Q1a4.pdf>] [2 <./Q1a5.pdf>]
Overfull \hbox (104.24464pt too wide) in paragraph at lines 157--157
[]\OT1/cmtt/m/n/10 [X,Y] = meshgrid(linspace(min_x, max_x),linspace(min_y, max_
y)); % just to make data in correct format for 'classify'[] 
 []


Overfull \hbox (114.74455pt too wide) in paragraph at lines 157--157
[]    \OT1/cmtt/m/n/10 contour(linspace(min_x, max_x),linspace(min_y, max_y), r
eshape(class_knn, 100, 100), 1, 'b', 'linewidth', 2); %plot[] 
 []



pdfTeX warning: /usr/bin/pdflatex (file ./Q1b1.pdf): PDF inclusion: found PDF v
ersion <1.5>, but at most version <1.4> allowed
<Q1b1.pdf, id=108, 385.78127pt x 305.61177pt>
File: Q1b1.pdf Graphic file (type pdf)
 <use Q1b1.pdf> [3] [4 <./Q1b1.pdf>]
Overfull \hbox (83.24483pt too wide) in paragraph at lines 219--219
[]\OT1/cmtt/m/n/10 legend('k nearest neighbor test','k nearest neighbor train',
'lingear regression test','linear regression train');[] 
 []



pdfTeX warning: /usr/bin/pdflatex (file ./Q1c1.pdf): PDF inclusion: found PDF v
ersion <1.5>, but at most version <1.4> allowed
<Q1c1.pdf, id=171, 392.9313pt x 317.88763pt>
File: Q1c1.pdf Graphic file (type pdf)
 <use Q1c1.pdf>

pdfTeX warning: /usr/bin/pdflatex (file ./Q1c2.pdf): PDF inclusion: found PDF v
ersion <1.5>, but at most version <1.4> allowed
<Q1c2.pdf, id=173, 391.52272pt x 317.08463pt>
File: Q1c2.pdf Graphic file (type pdf)
 <use Q1c2.pdf>
Overfull \hbox (8.0pt too wide) in paragraph at lines 223--227
 []$ 
 []


Overfull \hbox (219.74364pt too wide) in paragraph at lines 284--284
[]    \OT1/cmtt/m/n/10 training_10 = [train_green(int8(0.1*(i-1)*n+1):int8(0.1*
i*n),:); train_red(int8(0.1*(i-1)*n+1):int8(0.1*i*n),:)]; % the 10% of the data
[] 
 []

[5 <./Q1c1.pdf> <./Q1c2.pdf>] [6] [7]
Overfull \hbox (1.02277pt too wide) in paragraph at lines 380--380
[] 
 []

[8] [9]

pdfTeX warning: /usr/bin/pdflatex (file ./Q5.pdf): PDF inclusion: found PDF ver
sion <1.5>, but at most version <1.4> allowed
<Q5.pdf, id=274, 384.54668pt x 303.42357pt>
File: Q5.pdf Graphic file (type pdf)
 <use Q5.pdf> [10] [11 <./Q5.pdf>]
Overfull \hbox (272.24318pt too wide) in paragraph at lines 501--501
[]\OT1/cmtt/m/n/10 legend('Training set','Linear least squares fitting','Method
 1 Upper bound', 'Method 1 Lower bound', 'Method 2 Upper bound', 'Method 2 Lowe
r bound');[] 
 []

[12] (./hw1-solution.aux)

LaTeX Warning: There were multiply-defined labels.

 ) 
Here is how much of TeX's memory you used:
 3664 strings out of 495061
 44124 string characters out of 1182620
 118711 words of memory out of 3000000
 6799 multiletter control sequences out of 15000+50000
 14938 words of font info for 56 fonts, out of 3000000 for 9000
 28 hyphenation exceptions out of 8191
 33i,19n,27p,470b,287s stack positions out of 5000i,500n,10000p,200000b,50000s
</usr/share/texmf-texlive/fonts/type1/public/amsfonts/cm/cmbx10.pfb></usr/sha
re/texmf-texlive/fonts/type1/public/amsfonts/cm/cmbx12.pfb></usr/share/texmf-te
xlive/fonts/type1/public/amsfonts/cm/cmbx7.pfb></usr/share/texmf-texlive/fonts/
type1/public/amsfonts/cm/cmbx9.pfb></usr/share/texmf-texlive/fonts/type1/public
/amsfonts/cm/cmex10.pfb></usr/share/texmf-texlive/fonts/type1/public/amsfonts/c
m/cmmi10.pfb></usr/share/texmf-texlive/fonts/type1/public/amsfonts/cm/cmmi5.pfb
></usr/share/texmf-texlive/fonts/type1/public/amsfonts/cm/cmmi7.pfb></usr/share
/texmf-texlive/fonts/type1/public/amsfonts/cm/cmr10.pfb></usr/share/texmf-texli
ve/fonts/type1/public/amsfonts/cm/cmr5.pfb></usr/share/texmf-texlive/fonts/type
1/public/amsfonts/cm/cmr7.pfb></usr/share/texmf-texlive/fonts/type1/public/amsf
onts/cm/cmr8.pfb></usr/share/texmf-texlive/fonts/type1/public/amsfonts/cm/cmr9.
pfb></usr/share/texmf-texlive/fonts/type1/public/amsfonts/cm/cmsy10.pfb></usr/s
hare/texmf-texlive/fonts/type1/public/amsfonts/cm/cmsy6.pfb></usr/share/texmf-t
exlive/fonts/type1/public/amsfonts/cm/cmsy7.pfb></usr/share/texmf-texlive/fonts
/type1/public/amsfonts/cm/cmti9.pfb></usr/share/texmf-texlive/fonts/type1/publi
c/amsfonts/cm/cmtt10.pfb></usr/share/texmf-texlive/fonts/type1/public/amsfonts/
cm/cmtt8.pfb></usr/share/texmf-texlive/fonts/type1/public/amsfonts/symbols/msam
10.pfb>
Output written on hw1-solution.pdf (12 pages, 688489 bytes).
PDF statistics:
 397 PDF objects out of 1000 (max. 8388607)
 0 named destinations out of 1000 (max. 500000)
 46 words of extra memory for PDF output out of 10000 (max. 10000000)

